c:\users\joshu\source\repos\igme-209-project\sampledll2\debug\sampledll2.pch
c:\users\joshu\source\repos\igme-209-project\sampledll2\debug\vc142.pdb
c:\users\joshu\source\repos\igme-209-project\sampledll2\debug\vc142.idb
c:\users\joshu\source\repos\igme-209-project\sampledll2\debug\pch.obj
c:\users\joshu\source\repos\igme-209-project\sampledll2\debug\vertex.obj
c:\users\joshu\source\repos\igme-209-project\sampledll2\debug\interface.obj
c:\users\joshu\source\repos\igme-209-project\sampledll2\debug\graph.obj
c:\users\joshu\source\repos\igme-209-project\sampledll2\debug\dllmain.obj
c:\users\joshu\source\repos\igme-209-project\sampledll2\debug\sampledll2.ilk
c:\users\joshu\source\repos\igme-209-project\sampledll2\debug\sampledll2.dll
c:\users\joshu\source\repos\igme-209-project\sampledll2\debug\sampledll2.pdb
c:\users\joshu\source\repos\igme-209-project\sampledll2\debug\sampledll2.lib
c:\users\joshu\source\repos\igme-209-project\sampledll2\debug\sampledll2.exp
c:\users\joshu\source\repos\igme-209-project\sampledll2\debug\unittest1.exp
c:\users\joshu\source\repos\igme-209-project\sampledll2\debug\unittest1.pdb
c:\users\joshu\source\repos\igme-209-project\sampledll2\debug\sampledll2.tlog\cl.command.1.tlog
c:\users\joshu\source\repos\igme-209-project\sampledll2\debug\sampledll2.tlog\cl.read.1.tlog
c:\users\joshu\source\repos\igme-209-project\sampledll2\debug\sampledll2.tlog\cl.write.1.tlog
c:\users\joshu\source\repos\igme-209-project\sampledll2\debug\sampledll2.tlog\link.command.1.tlog
c:\users\joshu\source\repos\igme-209-project\sampledll2\debug\sampledll2.tlog\link.read.1.tlog
c:\users\joshu\source\repos\igme-209-project\sampledll2\debug\sampledll2.tlog\link.write.1.tlog
c:\users\joshu\source\repos\igme-209-project\sampledll2\debug\sampledll2.tlog\sampledll2.write.1u.tlog
